<?xml version="1.0" encoding="UTF-8"?>
<testng-results ignored="0" total="6" passed="5" failed="1" skipped="0">
  <reporter-output>
  </reporter-output>
  <suite started-at="2020-05-18T14:28:24 EEST" name="Default suite" finished-at="2020-05-18T14:35:44 EEST" duration-ms="439560">
    <groups>
    </groups>
    <test started-at="2020-05-18T14:28:24 EEST" name="Default test" finished-at="2020-05-18T14:35:44 EEST" duration-ms="439560">
      <class name="sandbox_TestNG.RegPageTestNG">
        <test-method is-config="true" signature="openBrowserCreateAcc()[pri:0, instance:sandbox_TestNG.RegPageTestNG@647fd8ce]" started-at="2020-05-18T14:28:24 EEST" name="openBrowserCreateAcc" finished-at="2020-05-18T14:28:36 EEST" duration-ms="11878" status="PASS">
          <reporter-output>
          </reporter-output>
        </test-method> <!-- openBrowserCreateAcc -->
        <test-method signature="regUsers()[pri:1, instance:sandbox_TestNG.RegPageTestNG@647fd8ce]" started-at="2020-05-18T14:28:36 EEST" name="regUsers" finished-at="2020-05-18T14:33:18 EEST" duration-ms="282160" status="PASS">
          <reporter-output>
          </reporter-output>
        </test-method> <!-- regUsers -->
        <test-method is-config="true" signature="closeBrowser()[pri:0, instance:sandbox_TestNG.RegPageTestNG@647fd8ce]" started-at="2020-05-18T14:33:18 EEST" name="closeBrowser" finished-at="2020-05-18T14:33:20 EEST" duration-ms="1151" status="PASS">
          <reporter-output>
          </reporter-output>
        </test-method> <!-- closeBrowser -->
        <test-method is-config="true" signature="openBrowserCreateAcc()[pri:0, instance:sandbox_TestNG.RegPageTestNG@647fd8ce]" started-at="2020-05-18T14:33:20 EEST" name="openBrowserCreateAcc" finished-at="2020-05-18T14:33:27 EEST" duration-ms="7334" status="PASS">
          <reporter-output>
          </reporter-output>
        </test-method> <!-- openBrowserCreateAcc -->
        <test-method signature="checkIfUserReg()[pri:2, instance:sandbox_TestNG.RegPageTestNG@647fd8ce]" started-at="2020-05-18T14:33:27 EEST" name="checkIfUserReg" finished-at="2020-05-18T14:33:40 EEST" duration-ms="13459" status="FAIL">
          <exception class="java.lang.NullPointerException">
            <full-stacktrace>
              <![CDATA[java.lang.NullPointerException
at sandbox_Objects.LogInPage.logout(LogInPage.java:50)
at sandbox_TestNG.RegPageTestNG.checkIfUserReg(RegPageTestNG.java:91)
at java.base/jdk.internal.reflect.NativeMethodAccessorImpl.invoke0(Native Method)
at java.base/jdk.internal.reflect.NativeMethodAccessorImpl.invoke(NativeMethodAccessorImpl.java:62)
at java.base/jdk.internal.reflect.DelegatingMethodAccessorImpl.invoke(DelegatingMethodAccessorImpl.java:43)
at java.base/java.lang.reflect.Method.invoke(Method.java:567)
at org.testng.internal.MethodInvocationHelper.invokeMethod(MethodInvocationHelper.java:135)
at org.testng.internal.TestInvoker.invokeMethod(TestInvoker.java:598)
at org.testng.internal.TestInvoker.invokeTestMethod(TestInvoker.java:174)
at org.testng.internal.MethodRunner.runInSequence(MethodRunner.java:46)
at org.testng.internal.TestInvoker$MethodInvocationAgent.invoke(TestInvoker.java:821)
at org.testng.internal.TestInvoker.invokeTestMethods(TestInvoker.java:147)
at org.testng.internal.TestMethodWorker.invokeTestMethods(TestMethodWorker.java:146)
at org.testng.internal.TestMethodWorker.run(TestMethodWorker.java:128)
at java.base/java.util.ArrayList.forEach(ArrayList.java:1507)
at org.testng.TestRunner.privateRun(TestRunner.java:767)
at org.testng.TestRunner.run(TestRunner.java:588)
at org.testng.SuiteRunner.runTest(SuiteRunner.java:384)
at org.testng.SuiteRunner.runSequentially(SuiteRunner.java:378)
at org.testng.SuiteRunner.privateRun(SuiteRunner.java:337)
at org.testng.SuiteRunner.run(SuiteRunner.java:286)
at org.testng.SuiteRunnerWorker.runSuite(SuiteRunnerWorker.java:53)
at org.testng.SuiteRunnerWorker.run(SuiteRunnerWorker.java:96)
at org.testng.TestNG.runSuitesSequentially(TestNG.java:1214)
at org.testng.TestNG.runSuitesLocally(TestNG.java:1136)
at org.testng.TestNG.runSuites(TestNG.java:1066)
at org.testng.TestNG.run(TestNG.java:1034)
at org.testng.remote.AbstractRemoteTestNG.run(AbstractRemoteTestNG.java:115)
at org.testng.remote.RemoteTestNG.initAndRun(RemoteTestNG.java:251)
at org.testng.remote.RemoteTestNG.main(RemoteTestNG.java:77)
]]>
            </full-stacktrace>
          </exception> <!-- java.lang.NullPointerException -->
          <reporter-output>
          </reporter-output>
        </test-method> <!-- checkIfUserReg -->
        <test-method is-config="true" signature="closeBrowser()[pri:0, instance:sandbox_TestNG.RegPageTestNG@647fd8ce]" started-at="2020-05-18T14:33:40 EEST" name="closeBrowser" finished-at="2020-05-18T14:33:42 EEST" duration-ms="1155" status="PASS">
          <reporter-output>
          </reporter-output>
        </test-method> <!-- closeBrowser -->
        <test-method is-config="true" signature="openBrowserCreateAcc()[pri:0, instance:sandbox_TestNG.RegPageTestNG@647fd8ce]" started-at="2020-05-18T14:33:42 EEST" name="openBrowserCreateAcc" finished-at="2020-05-18T14:33:49 EEST" duration-ms="7169" status="PASS">
          <reporter-output>
          </reporter-output>
        </test-method> <!-- openBrowserCreateAcc -->
        <test-method signature="invalidRegNoEmail()[pri:3, instance:sandbox_TestNG.RegPageTestNG@647fd8ce]" started-at="2020-05-18T14:33:49 EEST" name="invalidRegNoEmail" finished-at="2020-05-18T14:34:11 EEST" duration-ms="22231" status="PASS">
          <reporter-output>
          </reporter-output>
        </test-method> <!-- invalidRegNoEmail -->
        <test-method is-config="true" signature="closeBrowser()[pri:0, instance:sandbox_TestNG.RegPageTestNG@647fd8ce]" started-at="2020-05-18T14:34:11 EEST" name="closeBrowser" finished-at="2020-05-18T14:34:12 EEST" duration-ms="1100" status="PASS">
          <reporter-output>
          </reporter-output>
        </test-method> <!-- closeBrowser -->
        <test-method is-config="true" signature="openBrowserCreateAcc()[pri:0, instance:sandbox_TestNG.RegPageTestNG@647fd8ce]" started-at="2020-05-18T14:34:12 EEST" name="openBrowserCreateAcc" finished-at="2020-05-18T14:34:19 EEST" duration-ms="6964" status="PASS">
          <reporter-output>
          </reporter-output>
        </test-method> <!-- openBrowserCreateAcc -->
        <test-method signature="invalidRegNoUserName()[pri:4, instance:sandbox_TestNG.RegPageTestNG@647fd8ce]" started-at="2020-05-18T14:34:19 EEST" name="invalidRegNoUserName" finished-at="2020-05-18T14:34:42 EEST" duration-ms="22775" status="PASS">
          <reporter-output>
          </reporter-output>
        </test-method> <!-- invalidRegNoUserName -->
        <test-method is-config="true" signature="closeBrowser()[pri:0, instance:sandbox_TestNG.RegPageTestNG@647fd8ce]" started-at="2020-05-18T14:34:42 EEST" name="closeBrowser" finished-at="2020-05-18T14:34:43 EEST" duration-ms="1134" status="PASS">
          <reporter-output>
          </reporter-output>
        </test-method> <!-- closeBrowser -->
        <test-method is-config="true" signature="openBrowserCreateAcc()[pri:0, instance:sandbox_TestNG.RegPageTestNG@647fd8ce]" started-at="2020-05-18T14:34:43 EEST" name="openBrowserCreateAcc" finished-at="2020-05-18T14:34:50 EEST" duration-ms="7114" status="PASS">
          <reporter-output>
          </reporter-output>
        </test-method> <!-- openBrowserCreateAcc -->
        <test-method signature="invalidRegNoPass()[pri:5, instance:sandbox_TestNG.RegPageTestNG@647fd8ce]" started-at="2020-05-18T14:34:50 EEST" name="invalidRegNoPass" finished-at="2020-05-18T14:35:12 EEST" duration-ms="21591" status="PASS">
          <reporter-output>
          </reporter-output>
        </test-method> <!-- invalidRegNoPass -->
        <test-method is-config="true" signature="closeBrowser()[pri:0, instance:sandbox_TestNG.RegPageTestNG@647fd8ce]" started-at="2020-05-18T14:35:12 EEST" name="closeBrowser" finished-at="2020-05-18T14:35:13 EEST" duration-ms="1103" status="PASS">
          <reporter-output>
          </reporter-output>
        </test-method> <!-- closeBrowser -->
        <test-method is-config="true" signature="openBrowserCreateAcc()[pri:0, instance:sandbox_TestNG.RegPageTestNG@647fd8ce]" started-at="2020-05-18T14:35:13 EEST" name="openBrowserCreateAcc" finished-at="2020-05-18T14:35:20 EEST" duration-ms="6832" status="PASS">
          <reporter-output>
          </reporter-output>
        </test-method> <!-- openBrowserCreateAcc -->
        <test-method signature="invalidConfPass()[pri:6, instance:sandbox_TestNG.RegPageTestNG@647fd8ce]" started-at="2020-05-18T14:35:20 EEST" name="invalidConfPass" finished-at="2020-05-18T14:35:43 EEST" duration-ms="23119" status="PASS">
          <reporter-output>
          </reporter-output>
        </test-method> <!-- invalidConfPass -->
        <test-method is-config="true" signature="closeBrowser()[pri:0, instance:sandbox_TestNG.RegPageTestNG@647fd8ce]" started-at="2020-05-18T14:35:43 EEST" name="closeBrowser" finished-at="2020-05-18T14:35:44 EEST" duration-ms="1107" status="PASS">
          <reporter-output>
          </reporter-output>
        </test-method> <!-- closeBrowser -->
      </class> <!-- sandbox_TestNG.RegPageTestNG -->
    </test> <!-- Default test -->
  </suite> <!-- Default suite -->
</testng-results>
